<?xml version="1.0" encoding="utf-8"?><testsuites><testsuite name="pytest" errors="6" failures="0" skipped="0" tests="18" time="0.249" timestamp="2022-05-12T21:59:32.207543" hostname="DESKTOP-D29HOBD"><testcase classname="tests.test_accum" name="test_accumulator_init" time="0.001"><error message="failed on setup with &quot;AttributeError: can't set attribute&quot;">@pytest.fixture
    def accum():
&gt;       return Accumlator()

tests\test_accum.py:7: 
_ _ _ _ _ _ _ _ _ _ _ _ _ _ _ _ _ _ _ _ _ _ _ _ _ _ _ _ _ _ _ _ _ _ _ _ _ _ _ _ _ _ _ _ _ _ _ _ _ _ _ _ _ _ _ _ _ _ _ _

self = &lt;stuff.accum.Accumlator object at 0x000001FF53D03550&gt;

    def __init__(self):
&gt;       self.count = 0
E       AttributeError: can't set attribute

stuff\accum.py:6: AttributeError</error></testcase><testcase classname="tests.test_accum" name="test_accumulator_add_one" time="0.001"><error message="failed on setup with &quot;AttributeError: can't set attribute&quot;">@pytest.fixture
    def accum():
&gt;       return Accumlator()

tests\test_accum.py:7: 
_ _ _ _ _ _ _ _ _ _ _ _ _ _ _ _ _ _ _ _ _ _ _ _ _ _ _ _ _ _ _ _ _ _ _ _ _ _ _ _ _ _ _ _ _ _ _ _ _ _ _ _ _ _ _ _ _ _ _ _

self = &lt;stuff.accum.Accumlator object at 0x000001FF53D29C70&gt;

    def __init__(self):
&gt;       self.count = 0
E       AttributeError: can't set attribute

stuff\accum.py:6: AttributeError</error></testcase><testcase classname="tests.test_accum" name="test_accumulator_add_two" time="0.001"><error message="failed on setup with &quot;AttributeError: can't set attribute&quot;">@pytest.fixture
    def accum():
&gt;       return Accumlator()

tests\test_accum.py:7: 
_ _ _ _ _ _ _ _ _ _ _ _ _ _ _ _ _ _ _ _ _ _ _ _ _ _ _ _ _ _ _ _ _ _ _ _ _ _ _ _ _ _ _ _ _ _ _ _ _ _ _ _ _ _ _ _ _ _ _ _

self = &lt;stuff.accum.Accumlator object at 0x000001FF53D01D90&gt;

    def __init__(self):
&gt;       self.count = 0
E       AttributeError: can't set attribute

stuff\accum.py:6: AttributeError</error></testcase><testcase classname="tests.test_accum" name="test_accumulator_add_three" time="0.001"><error message="failed on setup with &quot;AttributeError: can't set attribute&quot;">@pytest.fixture
    def accum():
&gt;       return Accumlator()

tests\test_accum.py:7: 
_ _ _ _ _ _ _ _ _ _ _ _ _ _ _ _ _ _ _ _ _ _ _ _ _ _ _ _ _ _ _ _ _ _ _ _ _ _ _ _ _ _ _ _ _ _ _ _ _ _ _ _ _ _ _ _ _ _ _ _

self = &lt;stuff.accum.Accumlator object at 0x000001FF53D7DA90&gt;

    def __init__(self):
&gt;       self.count = 0
E       AttributeError: can't set attribute

stuff\accum.py:6: AttributeError</error></testcase><testcase classname="tests.test_accum" name="test_accumlator_add_twice" time="0.001"><error message="failed on setup with &quot;AttributeError: can't set attribute&quot;">@pytest.fixture
    def accum():
&gt;       return Accumlator()

tests\test_accum.py:7: 
_ _ _ _ _ _ _ _ _ _ _ _ _ _ _ _ _ _ _ _ _ _ _ _ _ _ _ _ _ _ _ _ _ _ _ _ _ _ _ _ _ _ _ _ _ _ _ _ _ _ _ _ _ _ _ _ _ _ _ _

self = &lt;stuff.accum.Accumlator object at 0x000001FF53D01940&gt;

    def __init__(self):
&gt;       self.count = 0
E       AttributeError: can't set attribute

stuff\accum.py:6: AttributeError</error></testcase><testcase classname="tests.test_accum" name="test_accumulator_cannot_set_count_directly" time="0.001"><error message="failed on setup with &quot;AttributeError: can't set attribute&quot;">@pytest.fixture
    def accum():
&gt;       return Accumlator()

tests\test_accum.py:7: 
_ _ _ _ _ _ _ _ _ _ _ _ _ _ _ _ _ _ _ _ _ _ _ _ _ _ _ _ _ _ _ _ _ _ _ _ _ _ _ _ _ _ _ _ _ _ _ _ _ _ _ _ _ _ _ _ _ _ _ _

self = &lt;stuff.accum.Accumlator object at 0x000001FF53CFC0D0&gt;

    def __init__(self):
&gt;       self.count = 0
E       AttributeError: can't set attribute

stuff\accum.py:6: AttributeError</error></testcase><testcase classname="tests.test_math" name="test_one_plus_one" time="0.001" /><testcase classname="tests.test_math" name="test_one_plus_two" time="0.001" /><testcase classname="tests.test_math" name="test_divide_by_zero" time="0.001" /><testcase classname="tests.test_math" name="test_multiply_two_positive_ints" time="0.001" /><testcase classname="tests.test_math" name="test_multiply_identity" time="0.002" /><testcase classname="tests.test_math" name="test_multiply_zero" time="0.001" /><testcase classname="tests.test_math" name="test_multiplication[2-3-6]" time="0.001" /><testcase classname="tests.test_math" name="test_multiplication[1-99-99]" time="0.001" /><testcase classname="tests.test_math" name="test_multiplication[0-99-0]" time="0.001" /><testcase classname="tests.test_math" name="test_multiplication[3--4--12]" time="0.001" /><testcase classname="tests.test_math" name="test_multiplication[-5--5-25]" time="0.001" /><testcase classname="tests.test_math" name="test_multiplication[2.5-6.7-16.75]" time="0.002" /></testsuite></testsuites>